<?xml version="1.0" encoding="UTF-8"?>
<testng-results skipped="0" failed="0" total="1" passed="1">
  <reporter-output>
  </reporter-output>
  <suite name="Default suite" duration-ms="4346" started-at="2017-12-19T21:37:58Z" finished-at="2017-12-19T21:38:03Z">
    <groups>
    </groups>
    <test name="Default test" duration-ms="4346" started-at="2017-12-19T21:37:58Z" finished-at="2017-12-19T21:38:03Z">
      <class name="com.DP.sit.doGetRxFillHistory">
        <test-method status="PASS" signature="executeTest()[pri:0, instance:com.DP.sit.doGetRxFillHistory@1dc652f]" name="executeTest" duration-ms="4334" started-at="2017-12-19T15:37:58Z" finished-at="2017-12-19T15:38:03Z">
          <reporter-output>
          </reporter-output>
        </test-method> <!-- executeTest -->
      </class> <!-- com.DP.sit.doGetRxFillHistory -->
    </test> <!-- Default test -->
  </suite> <!-- Default suite -->
</testng-results>
